सदी
Stemmer.mmAtStemmer : true
Stemmer.useStemDictionary: false
Wordlist reading begins : 2017-11-28 14:39:48.049
Wordlist reading ends : 2017-11-28 14:39:48.5
SRR reading begins : 2017-11-28 14:39:48.503
SRR reading ends : 2017-11-28 14:39:48.506
SRR reading begins : 2017-11-28 14:39:48.508
SRR reading ends : 2017-11-28 14:39:48.511
सरदी
नदी
मौसम
मासूम
टोपी
टापू
भाप
माप

अनिवार्य 

Number of vertices in the graph: 8
===============APPLYING LOCAL CENTRALITY MEASURES==============

4
DegreeCentrality: 
3
4430 - NOUN - [नदी, सरिता, सलिला, नदिया, दरिया, तटिनी, तटनी, अग्रु, निम्नगा, निर्झरणी, कूलवती, कल्लोलिनी, स्रोतवती, स्रोतस्विनी, तरंगिणी, सरि, अपगा, आपगा, पर्वतजा, ह्रदिनी, वहती, वेगगा, तरंगवती, तरंगालि, तरनि, शिफा, शैवलिनी, पुलिनवति, अर्णा, विरेफ, आपया]
0.0

Pagerank: 
4430 - NOUN - [नदी, सरिता, सलिला, नदिया, दरिया, तटिनी, तटनी, अग्रु, निम्नगा, निर्झरणी, कूलवती, कल्लोलिनी, स्रोतवती, स्रोतस्विनी, तरंगिणी, सरि, अपगा, आपगा, पर्वतजा, ह्रदिनी, वहती, वेगगा, तरंगवती, तरंगालि, तरनि, शिफा, शैवलिनी, पुलिनवति, अर्णा, विरेफ, आपया]
0.018750000000000003

HITS: 
null
-1.0

KPP: 
4430 - NOUN - [नदी, सरिता, सलिला, नदिया, दरिया, तटिनी, तटनी, अग्रु, निम्नगा, निर्झरणी, कूलवती, कल्लोलिनी, स्रोतवती, स्रोतस्विनी, तरंगिणी, सरि, अपगा, आपगा, पर्वतजा, ह्रदिनी, वहती, वेगगा, तरंगवती, तरंगालि, तरनि, शिफा, शैवलिनी, पुलिनवति, अर्णा, विरेफ, आपया]
0.0

DegreeCentrality: 
1
25479 - NOUN - [मौसम, मौसिम]
0.0

Pagerank: 
25479 - NOUN - [मौसम, मौसिम]
0.018750000000000003

HITS: 
null
-1.0

KPP: 
25479 - NOUN - [मौसम, मौसिम]
0.0

DegreeCentrality: 
4
4870 - NOUN - [टोपी, कैप]
0.0

Pagerank: 
4870 - NOUN - [टोपी, कैप]
0.018750000000000003

HITS: 
null
-1.0

KPP: 
4870 - NOUN - [टोपी, कैप]
0.0

DegreeCentrality: 
0
null
-0.14285714285714285

Pagerank: 
null
-1.0

HITS: 
null
-1.0

KPP: 
null
-1.0


==============CREATING SUBGRAPHS===================

Number of subgraphs created = 0

===============APPLYING GLOBAL CENTRALITY MEASURES==============


Highest entropy = -1.0
null

Highest edge density = -1.0
null

Highest compactnes = -1.0
null
