हर्ष
Stemmer.mmAtStemmer : true
Stemmer.useStemDictionary: false
Wordlist reading begins : 2017-11-28 14:55:17.4
Wordlist reading ends : 2017-11-28 14:55:17.812
SRR reading begins : 2017-11-28 14:55:17.815
SRR reading ends : 2017-11-28 14:55:17.819
SRR reading begins : 2017-11-28 14:55:17.821
SRR reading ends : 2017-11-28 14:55:17.823
वर्ष
वर्षा  
मोर
मोरी
नाक
नाश
नाच

Number of vertices in the graph: 594
===============APPLYING LOCAL CENTRALITY MEASURES==============

3
DegreeCentrality: 
3
7954 - NOUN - [वर्ष, साल, बरस, संवत्सर, अब्द, शारद]
0.0016863406408094434

Pagerank: 
27538 - NOUN - [बारिश, वर्षा, बरखा, पावस, वर्षा_का_पानी, पानी, दिव्योदक, आकाशजल, आकाश-जल, आकाशसलिल]
1.1062019957714826

HITS: 
7954 - NOUN - [वर्ष, साल, बरस, संवत्सर, अब्द, शारद]
Infinity

KPP: 
7954 - NOUN - [वर्ष, साल, बरस, संवत्सर, अब्द, शारद]
0.0016863406408094434

DegreeCentrality: 
2
7541 - NOUN - [मोर, मयूर, कलापी, शिखंडी, शिखण्डी, केकी, नीलकंठ, नीलकण्ठ, मायूर, घनप्रिय, चंद्रकी, चन्द्रकी, अहिरिपु, बरहा, बरही, मयूक, शिखाधर, शिखाधार, शिखालु, शिखावर, शिखावल, शिखि, शिखी, शिखाल, मार्जारक, ताऊस, शुक्लापांग, वृषी, शापटिक, शुक्रभुज, शुक्रांग, मेनाद, वर्षामद, राजसारस, वर्ही, अर्की, प्रवलाकी, अर्जुन, सर्पद्विष, बाहुलग्रीव, पुँछार, दीप्तांग, दीप्ताङ्ग, कुंडली, कुण्डली]
0.0016863406408094434

Pagerank: 
7541 - NOUN - [मोर, मयूर, कलापी, शिखंडी, शिखण्डी, केकी, नीलकंठ, नीलकण्ठ, मायूर, घनप्रिय, चंद्रकी, चन्द्रकी, अहिरिपु, बरहा, बरही, मयूक, शिखाधर, शिखाधार, शिखालु, शिखावर, शिखावल, शिखि, शिखी, शिखाल, मार्जारक, ताऊस, शुक्लापांग, वृषी, शापटिक, शुक्रभुज, शुक्रांग, मेनाद, वर्षामद, राजसारस, वर्ही, अर्की, प्रवलाकी, अर्जुन, सर्पद्विष, बाहुलग्रीव, पुँछार, दीप्तांग, दीप्ताङ्ग, कुंडली, कुण्डली]
0.4252525252525252

HITS: 
7541 - NOUN - [मोर, मयूर, कलापी, शिखंडी, शिखण्डी, केकी, नीलकंठ, नीलकण्ठ, मायूर, घनप्रिय, चंद्रकी, चन्द्रकी, अहिरिपु, बरहा, बरही, मयूक, शिखाधर, शिखाधार, शिखालु, शिखावर, शिखावल, शिखि, शिखी, शिखाल, मार्जारक, ताऊस, शुक्लापांग, वृषी, शापटिक, शुक्रभुज, शुक्रांग, मेनाद, वर्षामद, राजसारस, वर्ही, अर्की, प्रवलाकी, अर्जुन, सर्पद्विष, बाहुलग्रीव, पुँछार, दीप्तांग, दीप्ताङ्ग, कुंडली, कुण्डली]
Infinity

KPP: 
7541 - NOUN - [मोर, मयूर, कलापी, शिखंडी, शिखण्डी, केकी, नीलकंठ, नीलकण्ठ, मायूर, घनप्रिय, चंद्रकी, चन्द्रकी, अहिरिपु, बरहा, बरही, मयूक, शिखाधर, शिखाधार, शिखालु, शिखावर, शिखावल, शिखि, शिखी, शिखाल, मार्जारक, ताऊस, शुक्लापांग, वृषी, शापटिक, शुक्रभुज, शुक्रांग, मेनाद, वर्षामद, राजसारस, वर्ही, अर्की, प्रवलाकी, अर्जुन, सर्पद्विष, बाहुलग्रीव, पुँछार, दीप्तांग, दीप्ताङ्ग, कुंडली, कुण्डली]
0.0016863406408094434

DegreeCentrality: 
3
985 - NOUN - [नाक, नासिका, नासा, नास, घ्राण, घ्राणेंद्रिय, नस्त, प्राणग्रह, नस्या]
0.01011804384485666

Pagerank: 
985 - NOUN - [नाक, नासिका, नासा, नास, घ्राण, घ्राणेंद्रिय, नस्त, प्राणग्रह, नस्या]
2.125252525252525

HITS: 
6409 - NOUN - [नृत्य, नाच, नर्तन, डांस, रक्स]
Infinity

KPP: 
985 - NOUN - [नाक, नासिका, नासा, नास, घ्राण, घ्राणेंद्रिय, नस्त, प्राणग्रह, नस्या]
0.01011804384485666


==============CREATING SUBGRAPHS===================

Number of subgraphs created = 6

===============APPLYING GLOBAL CENTRALITY MEASURES==============

Subgraph #1
Number of nodes in subgraph = 471
Entropy: 0.995328213149014
Edge Density: 0.0047612594299137195
Compactness: 0.846050868912065
-----------------------------------------------------------------
Subgraph #2
Number of nodes in subgraph = 209
Entropy: 0.9992970545690842
Edge Density: 0.009615384615384616
Compactness: 0.6804994726932986
-----------------------------------------------------------------
Subgraph #3
Number of nodes in subgraph = 533
Entropy: 0.9938424480199147
Edge Density: 0.004316607654219978
Compactness: 0.8564419705401974
-----------------------------------------------------------------
Subgraph #4
Number of nodes in subgraph = 471
Entropy: 0.995328213149014
Edge Density: 0.0047612594299137195
Compactness: 0.8465168645158438
-----------------------------------------------------------------
Subgraph #5
Number of nodes in subgraph = 209
Entropy: 0.9992970545690842
Edge Density: 0.009615384615384616
Compactness: 0.6822685158970584
-----------------------------------------------------------------
Subgraph #6
Number of nodes in subgraph = 533
Entropy: 0.9938424480199147
Edge Density: 0.004316607654219978
Compactness: 0.8568143360206155
-----------------------------------------------------------------

Highest entropy = 0.9992970545690842
2
 किसी चीज़ के अस्तित्व की समाप्ति:"पर्यावरण की देखभाल न करने से सृष्टि के विनाश की संभावना है ।"
 एक अत्यंत सुंदर बड़ा पक्षी जिसकी पंखनुमा पूँछ लम्बी होती है:"मोर भारत का राष्ट्रीय पक्षी है ।"
 बारह महीनों का समूह जो काल गणना में एक मान है:"उसका लड़का अभी एक वर्ष का है ।"


Highest edge density = 0.009615384615384616
2
 किसी चीज़ के अस्तित्व की समाप्ति:"पर्यावरण की देखभाल न करने से सृष्टि के विनाश की संभावना है ।"
 एक अत्यंत सुंदर बड़ा पक्षी जिसकी पंखनुमा पूँछ लम्बी होती है:"मोर भारत का राष्ट्रीय पक्षी है ।"
 बारह महीनों का समूह जो काल गणना में एक मान है:"उसका लड़का अभी एक वर्ष का है ।"


Highest compactnes = 0.8568143360206155
6
 होठों के ऊपर की सूँघने और साँस लेने की इंद्रिय:"उसकी नाक में फुंसी हो गई है ।"
 एक अत्यंत सुंदर बड़ा पक्षी जिसकी पंखनुमा पूँछ लम्बी होती है:"मोर भारत का राष्ट्रीय पक्षी है ।"
 जल की बूदें जो बादलों से गिरती हैं:"वह बारिश में भीग गया ।"

