Stemmer.mmAtStemmer : true
Stemmer.useStemDictionary: false
Wordlist reading begins : 2017-11-27 22:49:57.541
Wordlist reading ends : 2017-11-27 22:49:57.996
SRR reading begins : 2017-11-27 22:49:57.998
SRR reading ends : 2017-11-27 22:49:58.001
SRR reading begins : 2017-11-27 22:49:58.004
SRR reading ends : 2017-11-27 22:49:58.006

Number of vertices in the graph: 551
===============APPLYING LOCAL CENTRALITY MEASURES==============

4
DegreeCentrality: 
4
4638 - NOUN - [खलिहान, खलियान, फरवार]
0.0018181818181818182

Pagerank: 
4638 - NOUN - [खलिहान, खलियान, फरवार]
1.8147412660796682

HITS: 
4638 - NOUN - [खलिहान, खलियान, फरवार]
Infinity

KPP: 
4638 - NOUN - [खलिहान, खलियान, फरवार]
0.0018181818181818182

DegreeCentrality: 
3
5209 - NOUN - [भात, चावल, आचाम, अंधस, अन्धस]
0.0018181818181818182

Pagerank: 
5209 - NOUN - [भात, चावल, आचाम, अंधस, अन्धस]
0.6559053701226599

HITS: 
5209 - NOUN - [भात, चावल, आचाम, अंधस, अन्धस]
Infinity

KPP: 
5209 - NOUN - [भात, चावल, आचाम, अंधस, अन्धस]
0.0018181818181818182

DegreeCentrality: 
3
681 - NOUN - [बहन, सगी_बहन, सहोदरा, सगर्भा, सोदरा, बहिन, सगी_बहिन]
0.0018181818181818182

Pagerank: 
6272 - NOUN - [बहुत, कई]
1.4227867538295615

HITS: 
681 - NOUN - [बहन, सगी_बहन, सहोदरा, सगर्भा, सोदरा, बहिन, सगी_बहिन]
Infinity

KPP: 
681 - NOUN - [बहन, सगी_बहन, सहोदरा, सगर्भा, सोदरा, बहिन, सगी_बहिन]
0.0018181818181818182

DegreeCentrality: 
4
2955 - NOUN - [पिता, बाप, जनक, अब्बा, बाबुल, जन्मदाता, वालिद, तात, किबलागाह, किबलागाही, क़िबलागाह, क़िबलागाही, किबला, क़िबला, निषक्त]
0.005454545454545455

Pagerank: 
2955 - NOUN - [पिता, बाप, जनक, अब्बा, बाबुल, जन्मदाता, वालिद, तात, किबलागाह, किबलागाही, क़िबलागाह, क़िबलागाही, किबला, क़िबला, निषक्त]
0.8502722323049001

HITS: 
3142 - NOUN - [पपीता, पपैया, रेंड़_खरबूजा, पपीतिया, अंडखरबूजा, मधुकर्कटी, नलिकादल, एरंडचिर्भिट, वातकुंभ]
Infinity

KPP: 
2955 - NOUN - [पिता, बाप, जनक, अब्बा, बाबुल, जन्मदाता, वालिद, तात, किबलागाह, किबलागाही, क़िबलागाह, क़िबलागाही, किबला, क़िबला, निषक्त]
0.005454545454545455


==============CREATING SUBGRAPHS===================

Number of subgraphs created = 16

===============APPLYING GLOBAL CENTRALITY MEASURES==============

Subgraph #1
Number of nodes in subgraph = 486
Entropy: 0.987631715868492
Edge Density: 0.005472826778668703
Compactness: 0.9340961613235205
-----------------------------------------------------------------
Subgraph #2
Number of nodes in subgraph = 465
Entropy: 0.9876294620396076
Edge Density: 0.005682239525398591
Compactness: 0.929041287893317
-----------------------------------------------------------------
Subgraph #3
Number of nodes in subgraph = 438
Entropy: 0.9903442751264103
Edge Density: 0.005767844268204758
Compactness: 0.9208093756688283
-----------------------------------------------------------------
Subgraph #4
Number of nodes in subgraph = 438
Entropy: 0.9907553651208678
Edge Density: 0.00577829326144426
Compactness: 0.9211116074183644
-----------------------------------------------------------------
Subgraph #5
Number of nodes in subgraph = 481
Entropy: 0.9875705567148246
Edge Density: 0.005544005544005544
Compactness: 0.936828439015939
-----------------------------------------------------------------
Subgraph #6
Number of nodes in subgraph = 460
Entropy: 0.9875625679014036
Edge Density: 0.0057592118973193145
Compactness: 0.9319174280175901
-----------------------------------------------------------------
Subgraph #7
Number of nodes in subgraph = 433
Entropy: 0.9902816356753169
Edge Density: 0.005848515952442049
Compactness: 0.9238954139699104
-----------------------------------------------------------------
Subgraph #8
Number of nodes in subgraph = 433
Entropy: 0.9906980605122581
Edge Density: 0.005859207937729878
Compactness: 0.9241937748093658
-----------------------------------------------------------------
Subgraph #9
Number of nodes in subgraph = 479
Entropy: 0.9918739655779822
Edge Density: 0.005110018256304539
Compactness: 0.9298658537516905
-----------------------------------------------------------------
Subgraph #10
Number of nodes in subgraph = 458
Entropy: 0.9919328063261221
Edge Density: 0.005284129456393988
Compactness: 0.9252598265715931
-----------------------------------------------------------------
Subgraph #11
Number of nodes in subgraph = 318
Entropy: 0.9948017208134139
Edge Density: 0.007102751820328155
Compactness: 0.8657809850710528
-----------------------------------------------------------------
Subgraph #12
Number of nodes in subgraph = 325
Entropy: 0.9918899931376597
Edge Density: 0.007350427350427351
Compactness: 0.8716997877903228
-----------------------------------------------------------------
Subgraph #13
Number of nodes in subgraph = 474
Entropy: 0.9918201693623536
Edge Density: 0.005173905674347241
Compactness: 0.9326085301398677
-----------------------------------------------------------------
Subgraph #14
Number of nodes in subgraph = 453
Entropy: 0.9918731304081625
Edge Density: 0.0053527124968254895
Compactness: 0.928153855303191
-----------------------------------------------------------------
Subgraph #15
Number of nodes in subgraph = 313
Entropy: 0.9947318328952345
Edge Density: 0.007229458507413779
Compactness: 0.869807715938522
-----------------------------------------------------------------
Subgraph #16
Number of nodes in subgraph = 320
Entropy: 0.991798990050672
Edge Density: 0.007484326018808778
Compactness: 0.875711716669451
-----------------------------------------------------------------

Highest entropy = 0.9948017208134139
11
 राजा जनक की पुत्री तथा राम की पत्नी:"सीता एक आदर्श पत्नी थीं। / सीता को जगत जननी जगदम्बा का रूप माना जाता है ।"
 किसी के विचार से उसके माता-पिता की कन्या:"राधा मेरी सगी बहन है ।"
 वह जो घरेलू काम-काज तथा सेवा करती हो:"आज-कल की काम-काजी महिलाएँ नौकरानियों पर अधिक निर्भर रहती हैं ।"
 वह स्थान जहाँ फ़सल काटकर रखी जाती है और फ़सल से अनाज अलग किया जाता है:"रबी की फ़सल रखने के लिए किसान अपने खलिहान की सफाई करने में लगे हुए हैं ।"


Highest edge density = 0.007484326018808778
16
 जन्म देने वाला पुरुष:"मेरे पिता एक अध्यापक हैं ।"
 (जंतु आदि की) बड़ी संख्या:"बहुतों ने इस बात का समर्थन किया ।"
 वह जो घरेलू काम-काज तथा सेवा करती हो:"आज-कल की काम-काजी महिलाएँ नौकरानियों पर अधिक निर्भर रहती हैं ।"
 वह स्थान जहाँ फ़सल काटकर रखी जाती है और फ़सल से अनाज अलग किया जाता है:"रबी की फ़सल रखने के लिए किसान अपने खलिहान की सफाई करने में लगे हुए हैं ।"


Highest compactnes = 0.936828439015939
5
 एक पेड़ का बड़ा, मीठा और लंबोतरा फल जो खाया जाता है:"माँ कच्चे पपीते की तरकारी बना रही है ।"
 (जंतु आदि की) बड़ी संख्या:"बहुतों ने इस बात का समर्थन किया ।"
 खाने के लिए पानी में उबाला हुआ चावल:"मेरा प्रिय भोजन दाल, भात और सब्ज़ी है ।"
 वह स्थान जहाँ फ़सल काटकर रखी जाती है और फ़सल से अनाज अलग किया जाता है:"रबी की फ़सल रखने के लिए किसान अपने खलिहान की सफाई करने में लगे हुए हैं ।"

