Stemmer.mmAtStemmer : true
Stemmer.useStemDictionary: false
Wordlist reading begins : 2017-11-27 22:52:50.005
Wordlist reading ends : 2017-11-27 22:52:50.472
SRR reading begins : 2017-11-27 22:52:50.474
SRR reading ends : 2017-11-27 22:52:50.479
SRR reading begins : 2017-11-27 22:52:50.482
SRR reading ends : 2017-11-27 22:52:50.484

Number of vertices in the graph: 187
===============APPLYING LOCAL CENTRALITY MEASURES==============

4
DegreeCentrality: 
3
7954 - NOUN - [वर्ष, साल, बरस, संवत्सर, अब्द, शारद]
0.005376344086021506

Pagerank: 
3678 - NOUN - [फ़र्श, फर्श, फरश]
1.9634798372339113

HITS: 
7954 - NOUN - [वर्ष, साल, बरस, संवत्सर, अब्द, शारद]
Infinity

KPP: 
7954 - NOUN - [वर्ष, साल, बरस, संवत्सर, अब्द, शारद]
0.005376344086021506

DegreeCentrality: 
4
1965 - NOUN - [दिन, दिवस, अह, दिनमान, दिव, दिवा, दिव्, दिहाड़ी, व्युष्ट, द्यु, आहन, रोज़, रोज]
0.016129032258064516

Pagerank: 
1965 - NOUN - [दिन, दिवस, अह, दिनमान, दिव, दिवा, दिव्, दिहाड़ी, व्युष्ट, द्यु, आहन, रोज़, रोज]
0.8415593678778623

HITS: 
7784 - NOUN - [द्रोणी, दून]
Infinity

KPP: 
1965 - NOUN - [दिन, दिवस, अह, दिनमान, दिव, दिवा, दिव्, दिहाड़ी, व्युष्ट, द्यु, आहन, रोज़, रोज]
0.016129032258064516

DegreeCentrality: 
5
1691 - NOUN - [महीना, माह, मास, श्राम]
0.010752688172043012

Pagerank: 
2592 - NOUN - [सूक्ष्मता, बारीक़ी, बारीकी, महीनी]
0.7091354723707665

HITS: 
2592 - NOUN - [सूक्ष्मता, बारीक़ी, बारीकी, महीनी]
Infinity

KPP: 
1691 - NOUN - [महीना, माह, मास, श्राम]
0.010752688172043012

DegreeCentrality: 
1
1693 - NOUN - [सप्ताह, हफ़्ता, हफ्ता, हप्ता]
0.04838709677419355

Pagerank: 
1693 - NOUN - [सप्ताह, हफ़्ता, हफ्ता, हप्ता]
2.7208021390374335

HITS: 
1693 - NOUN - [सप्ताह, हफ़्ता, हफ्ता, हप्ता]
Infinity

KPP: 
1693 - NOUN - [सप्ताह, हफ़्ता, हफ्ता, हप्ता]
0.04838709677419355


==============CREATING SUBGRAPHS===================

Number of subgraphs created = 27

===============APPLYING GLOBAL CENTRALITY MEASURES==============

Subgraph #1
Number of nodes in subgraph = 160
Entropy: 0.9922928909925723
Edge Density: 0.015330188679245283
Compactness: 0.9052796566591511
-----------------------------------------------------------------
Subgraph #2
Number of nodes in subgraph = 132
Entropy: 0.9879270944332325
Edge Density: 0.018968309044644922
Compactness: 0.9420196958219218
-----------------------------------------------------------------
Subgraph #3
Number of nodes in subgraph = 131
Entropy: 0.9910331274050607
Edge Density: 0.01972988843217851
Compactness: 0.9428655314151497
-----------------------------------------------------------------
Subgraph #4
Number of nodes in subgraph = 159
Entropy: 0.9912164877070768
Edge Density: 0.015763076188201577
Compactness: 0.9041789988904778
-----------------------------------------------------------------
Subgraph #5
Number of nodes in subgraph = 115
Entropy: 0.9883161400406764
Edge Density: 0.021967963386727688
Compactness: 0.9493703748310517
-----------------------------------------------------------------
Subgraph #6
Number of nodes in subgraph = 12
Entropy: 0.9723339702033856
Edge Density: 0.2727272727272727
Compactness: 0.9022038567493113
-----------------------------------------------------------------
Subgraph #7
Number of nodes in subgraph = 160
Entropy: 0.9929701095987246
Edge Density: 0.014858490566037736
Compactness: 0.88499911000356
-----------------------------------------------------------------
Subgraph #8
Number of nodes in subgraph = 116
Entropy: 0.9909294502371477
Edge Density: 0.020839580209895053
Compactness: 0.9441587901701324
-----------------------------------------------------------------
Subgraph #9
Number of nodes in subgraph = 118
Entropy: 0.9919966965746695
Edge Density: 0.020570766333478197
Compactness: 0.9324237820543775
-----------------------------------------------------------------
Subgraph #10
Number of nodes in subgraph = 160
Entropy: 0.9944441109802132
Edge Density: 0.0139937106918239
Compactness: 0.842147759186741
-----------------------------------------------------------------
Subgraph #11
Number of nodes in subgraph = 102
Entropy: 0.9930246632961218
Edge Density: 0.0221316249271986
Compactness: 0.8974456560391042
-----------------------------------------------------------------
Subgraph #12
Number of nodes in subgraph = 131
Entropy: 0.9933679395062301
Edge Density: 0.017733411626541396
Compactness: 0.8840589005826821
-----------------------------------------------------------------
Subgraph #13
Number of nodes in subgraph = 159
Entropy: 0.9915116472378527
Edge Density: 0.015763076188201577
Compactness: 0.9029253697651662
-----------------------------------------------------------------
Subgraph #14
Number of nodes in subgraph = 131
Entropy: 0.9863576074187076
Edge Density: 0.020669406928948912
Compactness: 0.9474511043859253
-----------------------------------------------------------------
Subgraph #15
Number of nodes in subgraph = 130
Entropy: 0.9924725409198176
Edge Density: 0.018246869409660107
Compactness: 0.8864620746719178
-----------------------------------------------------------------
Subgraph #16
Number of nodes in subgraph = 160
Entropy: 0.9938968577060002
Edge Density: 0.014386792452830189
Compactness: 0.8862411494798466
-----------------------------------------------------------------
Subgraph #17
Number of nodes in subgraph = 102
Entropy: 0.9905236035997188
Edge Density: 0.022714036109493303
Compactness: 0.913305308399215
-----------------------------------------------------------------
Subgraph #18
Number of nodes in subgraph = 101
Entropy: 0.9921692487310635
Edge Density: 0.02297029702970297
Compactness: 0.8927722772277228
-----------------------------------------------------------------
Subgraph #19
Number of nodes in subgraph = 160
Entropy: 0.9943573872051636
Edge Density: 0.014072327044025158
Compactness: 0.8412132629247261
-----------------------------------------------------------------
Subgraph #20
Number of nodes in subgraph = 120
Entropy: 0.9936179097859967
Edge Density: 0.018627450980392157
Compactness: 0.8723512934585599
-----------------------------------------------------------------
Subgraph #21
Number of nodes in subgraph = 149
Entropy: 0.9937600840205275
Edge Density: 0.015418102666424814
Compactness: 0.8574438305528456
-----------------------------------------------------------------
Subgraph #22
Number of nodes in subgraph = 159
Entropy: 0.9915116472378527
Edge Density: 0.015763076188201577
Compactness: 0.9019161177000541
-----------------------------------------------------------------
Subgraph #23
Number of nodes in subgraph = 149
Entropy: 0.9871470501507096
Edge Density: 0.01759477598403773
Compactness: 0.9215466146356769
-----------------------------------------------------------------
Subgraph #24
Number of nodes in subgraph = 148
Entropy: 0.9931786445473082
Edge Density: 0.015719801434087147
Compactness: 0.8564662121513433
-----------------------------------------------------------------
Subgraph #25
Number of nodes in subgraph = 160
Entropy: 0.9938968577060002
Edge Density: 0.014386792452830189
Compactness: 0.8852423756971639
-----------------------------------------------------------------
Subgraph #26
Number of nodes in subgraph = 120
Entropy: 0.9918310177061763
Edge Density: 0.018907563025210083
Compactness: 0.8819351269919733
-----------------------------------------------------------------
Subgraph #27
Number of nodes in subgraph = 119
Entropy: 0.9932125177059679
Edge Density: 0.019085600341831647
Compactness: 0.8669862084448833
-----------------------------------------------------------------

Highest entropy = 0.9944441109802132
10
 सोमवार से रविवार तक के सात दिन:"वह अगले सप्ताह दिल्ली जाएगा ।"
 सूक्ष्म होने की अवस्था या भाव:"सूक्ष्मता के कारण बहुत सारे जीव दिखाई नहीं देते ।"
 दो पहाड़ों के बीच की भूमि:"देहरादून द्रोणी में बसा एक मनोरम पर्यटक स्थल है ।"
 बैठने आदि के लिए समतल और पक्की भूमि:"आजकल फ़र्श को सजाने के लिए सुंदर-सुंदर टाइल मिलते हैं ।"


Highest edge density = 0.2727272727272727
6
 सोमवार से रविवार तक के सात दिन:"वह अगले सप्ताह दिल्ली जाएगा ।"
 वर्ष के बारहवें भाग का काल विभाग जो प्रायः तीस दिनों का होता है और जिसका कुछ निश्चित नाम होता है:"वह अगले महीने की बारह तारीख को आएगा ।"
 सूर्य निकलने से उसके अस्त होने तक का समय:"आज का दिन मेरे लिए बहुत ही अच्छा रहा । / गर्मी में दिनमान बढ़ जाता है ।"
 बारह महीनों का समूह जो काल गणना में एक मान है:"उसका लड़का अभी एक वर्ष का है ।"


Highest compactnes = 0.9493703748310517
5
 सोमवार से रविवार तक के सात दिन:"वह अगले सप्ताह दिल्ली जाएगा ।"
 वह जिसमें बहुत बुद्धि या समझ हो:"बुद्धिमानों की संगति में रहते-रहते तुम भी बुद्धिमान हो जाओगे ।"
 सूर्य निकलने से उसके अस्त होने तक का समय:"आज का दिन मेरे लिए बहुत ही अच्छा रहा । / गर्मी में दिनमान बढ़ जाता है ।"
 बारह महीनों का समूह जो काल गणना में एक मान है:"उसका लड़का अभी एक वर्ष का है ।"

