धरती
Stemmer.mmAtStemmer : true
Stemmer.useStemDictionary: false
Wordlist reading begins : 2017-11-28 13:28:55.741
Wordlist reading ends : 2017-11-28 13:28:56.178
SRR reading begins : 2017-11-28 13:28:56.181
SRR reading ends : 2017-11-28 13:28:56.184
SRR reading begins : 2017-11-28 13:28:56.187
SRR reading ends : 2017-11-28 13:28:56.189
धनी
जवान
जीवन
जतन
जलन
भवन
जवस
गवन

Number of vertices in the graph: 561
===============APPLYING LOCAL CENTRALITY MEASURES==============

2
DegreeCentrality: 
2
2510 - NOUN - [पृथ्वी, धरती, धरा, भू, वसुंधरा, वसुन्धरा, वसुधा, धरणि, धरित्री, धरणी, अवनि, उर्वि, रत्नगर्भा, क्षिति, महि, मही, अचलकीला, अचला, अदिति, अपारा, रेणुका, जमीन, ज़मीन, ज़मीं, जमीं, भूमंडल, भूमण्डल, पृथिवीमंडल, पृथिवीमण्डल, पृथिवी, खगवती, अवनी, विपुला, देवयजनी, बीजसू, विश्वंभरा, विश्वम्भरा, प्रथी, धरुण, विश्वधारिणी, विश्वगंधा, विश्वगन्धा, जगद्वहा, पुहुमी, रेनुका, जगद्योनि, इड़ा, सोलाली, तोयनीबी, मेदिनी, केलि, वैष्णवी, मला, प्रियदत्ता, रसा, अहि, भूतधात्री, आदिमा, वसनार्णवा, हेमा, भूयण, पुहमी, पोहमी, सुगंधिमाता, सुगन्धिमाता, इरा, इल, इला, धात्री, इलिका, रत्नसू, रत्नसूति, यला, भूमिका, अद्रिकीला, उदधिमेखला, तप्तायनी]
0.0017857142857142857

Pagerank: 
7629 - NOUN - [धनाढ्य_व्यक्ति, धनवान, अमीर, धनपति, धनपाल, धनिक, धनी, पैसेवाला, पैसेदार, रईस, मालदार, राजा, धनत्तर, धनधारी, धनकुबेर, धन्नासेठ, ग़नी, धनवन्त, धनवंत, अर्थपति, अर्थी, सरदार]
2.024802280345028

HITS: 
2510 - NOUN - [पृथ्वी, धरती, धरा, भू, वसुंधरा, वसुन्धरा, वसुधा, धरणि, धरित्री, धरणी, अवनि, उर्वि, रत्नगर्भा, क्षिति, महि, मही, अचलकीला, अचला, अदिति, अपारा, रेणुका, जमीन, ज़मीन, ज़मीं, जमीं, भूमंडल, भूमण्डल, पृथिवीमंडल, पृथिवीमण्डल, पृथिवी, खगवती, अवनी, विपुला, देवयजनी, बीजसू, विश्वंभरा, विश्वम्भरा, प्रथी, धरुण, विश्वधारिणी, विश्वगंधा, विश्वगन्धा, जगद्वहा, पुहुमी, रेनुका, जगद्योनि, इड़ा, सोलाली, तोयनीबी, मेदिनी, केलि, वैष्णवी, मला, प्रियदत्ता, रसा, अहि, भूतधात्री, आदिमा, वसनार्णवा, हेमा, भूयण, पुहमी, पोहमी, सुगंधिमाता, सुगन्धिमाता, इरा, इल, इला, धात्री, इलिका, रत्नसू, रत्नसूति, यला, भूमिका, अद्रिकीला, उदधिमेखला, तप्तायनी]
Infinity

KPP: 
2510 - NOUN - [पृथ्वी, धरती, धरा, भू, वसुंधरा, वसुन्धरा, वसुधा, धरणि, धरित्री, धरणी, अवनि, उर्वि, रत्नगर्भा, क्षिति, महि, मही, अचलकीला, अचला, अदिति, अपारा, रेणुका, जमीन, ज़मीन, ज़मीं, जमीं, भूमंडल, भूमण्डल, पृथिवीमंडल, पृथिवीमण्डल, पृथिवी, खगवती, अवनी, विपुला, देवयजनी, बीजसू, विश्वंभरा, विश्वम्भरा, प्रथी, धरुण, विश्वधारिणी, विश्वगंधा, विश्वगन्धा, जगद्वहा, पुहुमी, रेनुका, जगद्योनि, इड़ा, सोलाली, तोयनीबी, मेदिनी, केलि, वैष्णवी, मला, प्रियदत्ता, रसा, अहि, भूतधात्री, आदिमा, वसनार्णवा, हेमा, भूयण, पुहमी, पोहमी, सुगंधिमाता, सुगन्धिमाता, इरा, इल, इला, धात्री, इलिका, रत्नसू, रत्नसूति, यला, भूमिका, अद्रिकीला, उदधिमेखला, तप्तायनी]
0.0017857142857142857

DegreeCentrality: 
7
7774 - NOUN - [सैनिक, योद्धा, योधा, जोधा, सिपाही, पलटनिया, फ़ौज़ी, फौजी, फ़ौजी, लड़ाका, जवान, जवाँ, जंवा, भट]
0.01607142857142857

Pagerank: 
7774 - NOUN - [सैनिक, योद्धा, योधा, जोधा, सिपाही, पलटनिया, फ़ौज़ी, फौजी, फ़ौजी, लड़ाका, जवान, जवाँ, जंवा, भट]
1.9127673796791442

HITS: 
3821 - NOUN - [प्रयत्न, प्रयास, कोशिश, उद्यम, उद्योग, यत्न, चेष्टा, पैरवी, यतन, जतन, जद्दोजहद, ईहा, उजवास, मनुष्यकार, जिगीषा, जिगीष]
Infinity

KPP: 
7774 - NOUN - [सैनिक, योद्धा, योधा, जोधा, सिपाही, पलटनिया, फ़ौज़ी, फौजी, फ़ौजी, लड़ाका, जवान, जवाँ, जंवा, भट]
0.01607142857142857


==============CREATING SUBGRAPHS===================

Number of subgraphs created = 12

===============APPLYING GLOBAL CENTRALITY MEASURES==============

Subgraph #1
Number of nodes in subgraph = 228
Entropy: 0.9989251061186728
Edge Density: 0.008965144137877735
Compactness: 0.7103291861200285
-----------------------------------------------------------------
Subgraph #2
Number of nodes in subgraph = 476
Entropy: 0.9950172232321453
Edge Density: 0.004679345422379478
Compactness: 0.8483543099234153
-----------------------------------------------------------------
Subgraph #3
Number of nodes in subgraph = 471
Entropy: 0.994768678198222
Edge Density: 0.004734155486289922
Compactness: 0.8446976324416905
-----------------------------------------------------------------
Subgraph #4
Number of nodes in subgraph = 499
Entropy: 0.9949218764726432
Edge Density: 0.004515054204795132
Compactness: 0.8473392002630767
-----------------------------------------------------------------
Subgraph #5
Number of nodes in subgraph = 54
Entropy: 0.9985926531024409
Edge Density: 0.037037037037037035
Compactness: 0.6729559748427673
-----------------------------------------------------------------
Subgraph #6
Number of nodes in subgraph = 477
Entropy: 0.994666632476258
Edge Density: 0.004686151190035763
Compactness: 0.8456091463592467
-----------------------------------------------------------------
Subgraph #7
Number of nodes in subgraph = 160
Entropy: 0.9983909706719509
Edge Density: 0.01289308176100629
Compactness: 0.7451529804991891
-----------------------------------------------------------------
Subgraph #8
Number of nodes in subgraph = 408
Entropy: 0.994299980175337
Edge Density: 0.005552343787637905
Compactness: 0.8891356505173531
-----------------------------------------------------------------
Subgraph #9
Number of nodes in subgraph = 403
Entropy: 0.9940025455161078
Edge Density: 0.005629421132550647
Compactness: 0.8856178350497798
-----------------------------------------------------------------
Subgraph #10
Number of nodes in subgraph = 431
Entropy: 0.9942685863465671
Edge Density: 0.0053202395726541845
Compactness: 0.8859308411519866
-----------------------------------------------------------------
Subgraph #11
Number of nodes in subgraph = 18
Entropy: 0.9943311616463053
Edge Density: 0.1111111111111111
Compactness: 0.6862745098039216
-----------------------------------------------------------------
Subgraph #12
Number of nodes in subgraph = 409
Entropy: 0.9939031693800121
Edge Density: 0.005561148664844911
Compactness: 0.8860860772469494
-----------------------------------------------------------------

Highest entropy = 0.9989251061186728
1
 वह कार्य जो कोई उद्देश्य सिद्ध करने के लिए किया जाए:"सफलता पाने के लिए उसने भरपूर प्रयत्न किया । / प्रयत्न से ही सफलता मिलती है ।"
 सौर जगत का वह ग्रह जिस पर हम लोग निवास करते हैं:"चन्द्रमा पृथ्वी का एक उपग्रह है ।"


Highest edge density = 0.1111111111111111
11
 ईंट, पत्थर, लकड़ी आदि की लगभग स्थायी रूप से बनी कोई ऐसी बनावट जिसमें छत और दीवारें होती हैं और जो वास्तु के अंतर्गत आती है:"इस भवन के निर्माण में तीन साल लगे हैं ।"
 वह व्यक्ति जिसके पास बहुत धन हो:"संसार में धनाढ्य व्यक्तियों की कमी नहीं है ।"


Highest compactnes = 0.8891356505173531
8
 अनाजों के पौधों के डंठलों का महीन चूरा:"किसान लोग पशु-चारे के लिए भूसा जमा करके रखते हैं ।"
 वह व्यक्ति जिसके पास बहुत धन हो:"संसार में धनाढ्य व्यक्तियों की कमी नहीं है ।"

