रास्ते 
Stemmer.mmAtStemmer : true
Stemmer.useStemDictionary: false
Wordlist reading begins : 2017-11-28 14:34:15.448
Wordlist reading ends : 2017-11-28 14:34:15.894
SRR reading begins : 2017-11-28 14:34:15.896
SRR reading ends : 2017-11-28 14:34:15.9
SRR reading begins : 2017-11-28 14:34:15.902
SRR reading ends : 2017-11-28 14:34:15.905
गाड़ी
गधी
गढ़

Number of vertices in the graph: 463
===============APPLYING LOCAL CENTRALITY MEASURES==============

2
DegreeCentrality: 
1
5828 - NOUN - [मार्ग, रास्ता, सड़क, डगर, पथ, बाट, राह, पंथ, अध्व, सबील, पन्थ, अमनि, डगरी, रहगुजर, रहगुज़र, अवन, पवि, गम, ययी, गमत, पदवी]
0.0021645021645021645

Pagerank: 
5828 - NOUN - [मार्ग, रास्ता, सड़क, डगर, पथ, बाट, राह, पंथ, अध्व, सबील, पन्थ, अमनि, डगरी, रहगुजर, रहगुज़र, अवन, पवि, गम, ययी, गमत, पदवी]
1.1336573074154068

HITS: 
5828 - NOUN - [मार्ग, रास्ता, सड़क, डगर, पथ, बाट, राह, पंथ, अध्व, सबील, पन्थ, अमनि, डगरी, रहगुजर, रहगुज़र, अवन, पवि, गम, ययी, गमत, पदवी]
Infinity

KPP: 
5828 - NOUN - [मार्ग, रास्ता, सड़क, डगर, पथ, बाट, राह, पंथ, अध्व, सबील, पन्थ, अमनि, डगरी, रहगुजर, रहगुज़र, अवन, पवि, गम, ययी, गमत, पदवी]
0.0021645021645021645

DegreeCentrality: 
1
4627 - NOUN - [गधी, गदही, गर्दभी, वामी, खरी]
0.0021645021645021645

Pagerank: 
4627 - NOUN - [गधी, गदही, गर्दभी, वामी, खरी]
0.28365730741540673

HITS: 
4627 - NOUN - [गधी, गदही, गर्दभी, वामी, खरी]
Infinity

KPP: 
4627 - NOUN - [गधी, गदही, गर्दभी, वामी, खरी]
0.0021645021645021645


==============CREATING SUBGRAPHS===================

Number of subgraphs created = 1

===============APPLYING GLOBAL CENTRALITY MEASURES==============

Subgraph #1
Number of nodes in subgraph = 409
Entropy: 0.9944388506232656
Edge Density: 0.005525192962270483
Compactness: 0.8686340193587383
-----------------------------------------------------------------

Highest entropy = 0.9944388506232656
1
 मादा गधा:"धोबी गधी की पीठ पर कपड़े लादकर धोबी-घाट की ओर जा रहा है ।"
 गंतव्य स्थान तक पहुँचने के लिए बीच में पड़ने वाला वह भू-भाग जिस पर होकर चलना पड़ता है:"यह मार्ग सीधा मेरे घर तक जाता है ।"


Highest edge density = 0.005525192962270483
1
 मादा गधा:"धोबी गधी की पीठ पर कपड़े लादकर धोबी-घाट की ओर जा रहा है ।"
 गंतव्य स्थान तक पहुँचने के लिए बीच में पड़ने वाला वह भू-भाग जिस पर होकर चलना पड़ता है:"यह मार्ग सीधा मेरे घर तक जाता है ।"


Highest compactnes = 0.8686340193587383
1
 मादा गधा:"धोबी गधी की पीठ पर कपड़े लादकर धोबी-घाट की ओर जा रहा है ।"
 गंतव्य स्थान तक पहुँचने के लिए बीच में पड़ने वाला वह भू-भाग जिस पर होकर चलना पड़ता है:"यह मार्ग सीधा मेरे घर तक जाता है ।"

