Stemmer.mmAtStemmer : true
Stemmer.useStemDictionary: false
Wordlist reading begins : 2017-11-27 23:14:01.89
Wordlist reading ends : 2017-11-27 23:14:02.346
SRR reading begins : 2017-11-27 23:14:02.348
SRR reading ends : 2017-11-27 23:14:02.352
SRR reading begins : 2017-11-27 23:14:02.355
SRR reading ends : 2017-11-27 23:14:02.357

Number of vertices in the graph: 463
===============APPLYING LOCAL CENTRALITY MEASURES==============

3
DegreeCentrality: 
4
20 - NOUN - [खाद्य_वस्तु, खाद्य_पदार्थ, खाद्यवस्तु, खाद्यपदार्थ, आहार, खाद्य, भोज्य_पदार्थ, खाद्य_सामग्री, खाद्य-सामग्री, आहार_पदार्थ, अन्न, आहर, खाना, फूड, रसद, अर्क, इरा, तआम]
0.01948051948051948

Pagerank: 
20 - NOUN - [खाद्य_वस्तु, खाद्य_पदार्थ, खाद्यवस्तु, खाद्यपदार्थ, आहार, खाद्य, भोज्य_पदार्थ, खाद्य_सामग्री, खाद्य-सामग्री, आहार_पदार्थ, अन्न, आहर, खाना, फूड, रसद, अर्क, इरा, तआम]
3.4382332561479627

HITS: 
20 - NOUN - [खाद्य_वस्तु, खाद्य_पदार्थ, खाद्यवस्तु, खाद्यपदार्थ, आहार, खाद्य, भोज्य_पदार्थ, खाद्य_सामग्री, खाद्य-सामग्री, आहार_पदार्थ, अन्न, आहर, खाना, फूड, रसद, अर्क, इरा, तआम]
Infinity

KPP: 
20 - NOUN - [खाद्य_वस्तु, खाद्य_पदार्थ, खाद्यवस्तु, खाद्यपदार्थ, आहार, खाद्य, भोज्य_पदार्थ, खाद्य_सामग्री, खाद्य-सामग्री, आहार_पदार्थ, अन्न, आहर, खाना, फूड, रसद, अर्क, इरा, तआम]
0.01948051948051948

DegreeCentrality: 
2
3057 - NOUN - [पत्नी, बीवी, बीबी, जोरू, घरवाली, धर्मपत्नी, धर्म_पत्नी, धरमपत्नी, धरम_पत्नी, बेगम, बेग़म, अर्धांगिनी, अर्धाङ्गिनी, जीवनसाथी, जीवन_साथी, जीवनसंगिनी, जीवन-संगिनी, भार्या, लुगाई, लोगाई, सहचरी, संगिनी, प्रियतमा, कान्ता, कांता, वधू, मेहरी, दारा, वामांगिनी, वामांगी, वामाङ्गनी, वामाङ्गी, अर्द्धांगिनी, अर्द्धाङ्गिनी, औरत, स्त्री, हमदम, हम-दम, कलत्र, सहगामिनी, सहधर्मिणी, सधर्मिणी, बिलावल, दयिता, दुथन, धनि, तिय, अभीष्टा, वधूटी, बधू, बधूटी, वधुटी]
0.008658008658008658

Pagerank: 
1930 - NOUN - [जल, पानी, नीर, अंबु, अम्बु, पय, वारि, आब, तोय, सलिल, पुष्कर, अंभ, अपक, उदक, उदक्, धरुण, तपोजा, रेतस्, अर्ण, वाज, ऋत, शवल, शवर, सवल, सवर, नलिन, घनरस, घनसार, दहनाराति, अस्र, अंध, अन्ध, अक्षित, शबर, वसु, कीलाल, तामर, इरा, नीवर, योनि, नार, कांड, काण्ड]
2.1253239740820735

HITS: 
1930 - NOUN - [जल, पानी, नीर, अंबु, अम्बु, पय, वारि, आब, तोय, सलिल, पुष्कर, अंभ, अपक, उदक, उदक्, धरुण, तपोजा, रेतस्, अर्ण, वाज, ऋत, शवल, शवर, सवल, सवर, नलिन, घनरस, घनसार, दहनाराति, अस्र, अंध, अन्ध, अक्षित, शबर, वसु, कीलाल, तामर, इरा, नीवर, योनि, नार, कांड, काण्ड]
Infinity

KPP: 
3057 - NOUN - [पत्नी, बीवी, बीबी, जोरू, घरवाली, धर्मपत्नी, धर्म_पत्नी, धरमपत्नी, धरम_पत्नी, बेगम, बेग़म, अर्धांगिनी, अर्धाङ्गिनी, जीवनसाथी, जीवन_साथी, जीवनसंगिनी, जीवन-संगिनी, भार्या, लुगाई, लोगाई, सहचरी, संगिनी, प्रियतमा, कान्ता, कांता, वधू, मेहरी, दारा, वामांगिनी, वामांगी, वामाङ्गनी, वामाङ्गी, अर्द्धांगिनी, अर्द्धाङ्गिनी, औरत, स्त्री, हमदम, हम-दम, कलत्र, सहगामिनी, सहधर्मिणी, सधर्मिणी, बिलावल, दयिता, दुथन, धनि, तिय, अभीष्टा, वधूटी, बधू, बधूटी, वधुटी]
0.008658008658008658

DegreeCentrality: 
3
7774 - NOUN - [सैनिक, योद्धा, योधा, जोधा, सिपाही, पलटनिया, फ़ौज़ी, फौजी, फ़ौजी, लड़ाका, जवान, जवाँ, जंवा, भट]
0.008658008658008658

Pagerank: 
7774 - NOUN - [सैनिक, योद्धा, योधा, जोधा, सिपाही, पलटनिया, फ़ौज़ी, फौजी, फ़ौजी, लड़ाका, जवान, जवाँ, जंवा, भट]
1.5586573074154066

HITS: 
5583 - NOUN - [जीवन, ज़िंदगी, ज़िंदगानी, जिंदगी, जिन्दगी, जिंदगानी, ज़िन्दगी, ज़िन्दगानी, जिन्दगानी, जीना, हयात]
Infinity

KPP: 
7774 - NOUN - [सैनिक, योद्धा, योधा, जोधा, सिपाही, पलटनिया, फ़ौज़ी, फौजी, फ़ौजी, लड़ाका, जवान, जवाँ, जंवा, भट]
0.008658008658008658


==============CREATING SUBGRAPHS===================

Number of subgraphs created = 12

===============APPLYING GLOBAL CENTRALITY MEASURES==============

Subgraph #1
Number of nodes in subgraph = 396
Entropy: 0.9944242377387543
Edge Density: 0.005894386907045135
Compactness: 0.9254540922767168
-----------------------------------------------------------------
Subgraph #2
Number of nodes in subgraph = 363
Entropy: 0.9935126975099573
Edge Density: 0.006392402173416739
Compactness: 0.9274786093758763
-----------------------------------------------------------------
Subgraph #3
Number of nodes in subgraph = 212
Entropy: 0.9980704854773044
Edge Density: 0.00979164803719932
Compactness: 0.8074131224060894
-----------------------------------------------------------------
Subgraph #4
Number of nodes in subgraph = 394
Entropy: 0.9897145410863789
Edge Density: 0.006509861665439609
Compactness: 0.9783746071222958
-----------------------------------------------------------------
Subgraph #5
Number of nodes in subgraph = 397
Entropy: 0.9886803453290727
Edge Density: 0.006513497697376791
Compactness: 0.9787664960934177
-----------------------------------------------------------------
Subgraph #6
Number of nodes in subgraph = 389
Entropy: 0.9921056415853751
Edge Density: 0.006333978215355259
Compactness: 0.9771385748644641
-----------------------------------------------------------------
Subgraph #7
Number of nodes in subgraph = 397
Entropy: 0.9946258414247467
Edge Density: 0.005788362211536015
Compactness: 0.9066844885770922
-----------------------------------------------------------------
Subgraph #8
Number of nodes in subgraph = 364
Entropy: 0.9937978410470142
Edge Density: 0.006266460811915358
Compactness: 0.9093574427909514
-----------------------------------------------------------------
Subgraph #9
Number of nodes in subgraph = 80
Entropy: 0.998507402546277
Edge Density: 0.02531645569620253
Compactness: 0.778925652940234
-----------------------------------------------------------------
Subgraph #10
Number of nodes in subgraph = 353
Entropy: 0.9883188865145504
Edge Density: 0.00742016482101468
Compactness: 0.9665783470489079
-----------------------------------------------------------------
Subgraph #11
Number of nodes in subgraph = 356
Entropy: 0.9876124944876232
Edge Density: 0.00742206045260326
Compactness: 0.9669737367073147
-----------------------------------------------------------------
Subgraph #12
Number of nodes in subgraph = 390
Entropy: 0.9913918680335797
Edge Density: 0.0063146793223914045
Compactness: 0.9704745507046576
-----------------------------------------------------------------

Highest entropy = 0.998507402546277
9
 ईंट, पत्थर, लकड़ी आदि की लगभग स्थायी रूप से बनी कोई ऐसी बनावट जिसमें छत और दीवारें होती हैं और जो वास्तु के अंतर्गत आती है:"इस भवन के निर्माण में तीन साल लगे हैं ।"
 नदी, जलाशय, वर्षा आदि से मिलने वाला वह द्रव पदार्थ जो पीने, नहाने, खेत आदि सींचने के काम आता है:"जल ही जीवन का आधार है ।"
 वह स्थान जहाँ से धातुओं के अयस्क आदि खोदकर निकाले जाते हैं:"कोयले की खान में पानी भर जाने के कारण सौ लोग मारे गए ।"


Highest edge density = 0.02531645569620253
9
 ईंट, पत्थर, लकड़ी आदि की लगभग स्थायी रूप से बनी कोई ऐसी बनावट जिसमें छत और दीवारें होती हैं और जो वास्तु के अंतर्गत आती है:"इस भवन के निर्माण में तीन साल लगे हैं ।"
 नदी, जलाशय, वर्षा आदि से मिलने वाला वह द्रव पदार्थ जो पीने, नहाने, खेत आदि सींचने के काम आता है:"जल ही जीवन का आधार है ।"
 वह स्थान जहाँ से धातुओं के अयस्क आदि खोदकर निकाले जाते हैं:"कोयले की खान में पानी भर जाने के कारण सौ लोग मारे गए ।"


Highest compactnes = 0.9787664960934177
5
 सेना या फौज में रहकर लड़ने वाला:"वह एक बहादुर सैनिक है ।"
 किसी की विवाहिता नारी:"वह अपनी पत्नी पर जान छिड़कता है ।"
 खाने (या पीने) के काम आने वाली वस्तु जिससे शरीर को ऊर्जा मिले और शारीरिक विकास हो:"गाँव की अपेक्षा शहरों में खाद्य वस्तुएँ बहुत महँगी हैं ।"

