अंगीठी
Stemmer.mmAtStemmer : true
Stemmer.useStemDictionary: false
Wordlist reading begins : 2017-11-28 14:49:28.349
Wordlist reading ends : 2017-11-28 14:49:28.811
SRR reading begins : 2017-11-28 14:49:28.813
SRR reading ends : 2017-11-28 14:49:28.817
SRR reading begins : 2017-11-28 14:49:28.82
SRR reading ends : 2017-11-28 14:49:28.822
अंगूठी
अंगुली 
सदर
सुँदर

Number of vertices in the graph: 25
===============APPLYING LOCAL CENTRALITY MEASURES==============

2
DegreeCentrality: 
3
2013 - NOUN - [अँगूठी, अंगूठी, मुद्रिका, मुद्रा, अंगुश्तरी, मुँदरी, मुंदरी, मूदरी, मुद्रणा]
0.041666666666666664

Pagerank: 
2013 - NOUN - [अँगूठी, अंगूठी, मुद्रिका, मुद्रा, अंगुश्तरी, मुँदरी, मुंदरी, मूदरी, मुद्रणा]
0.431

HITS: 
2013 - NOUN - [अँगूठी, अंगूठी, मुद्रिका, मुद्रा, अंगुश्तरी, मुँदरी, मुंदरी, मूदरी, मुद्रणा]
Infinity

KPP: 
2013 - NOUN - [अँगूठी, अंगूठी, मुद्रिका, मुद्रा, अंगुश्तरी, मुँदरी, मुंदरी, मूदरी, मुद्रणा]
0.041666666666666664

DegreeCentrality: 
1
4499 - NOUN - [प्रधान_कार्यालय, केंद्र, केंद्रीय_कार्यालय, केन्द्र, केन्द्रीय_कार्यालय, पीठिका, मुख्य_कार्यालय, मुख्यालय, प्रमुख_कार्यालय, सदर, हेडक्वॉर्टर, हेडक्वार्टर]
0.041666666666666664

Pagerank: 
4499 - NOUN - [प्रधान_कार्यालय, केंद्र, केंद्रीय_कार्यालय, केन्द्र, केन्द्रीय_कार्यालय, पीठिका, मुख्य_कार्यालय, मुख्यालय, प्रमुख_कार्यालय, सदर, हेडक्वॉर्टर, हेडक्वार्टर]
0.431

HITS: 
4499 - NOUN - [प्रधान_कार्यालय, केंद्र, केंद्रीय_कार्यालय, केन्द्र, केन्द्रीय_कार्यालय, पीठिका, मुख्य_कार्यालय, मुख्यालय, प्रमुख_कार्यालय, सदर, हेडक्वॉर्टर, हेडक्वार्टर]
Infinity

KPP: 
4499 - NOUN - [प्रधान_कार्यालय, केंद्र, केंद्रीय_कार्यालय, केन्द्र, केन्द्रीय_कार्यालय, पीठिका, मुख्य_कार्यालय, मुख्यालय, प्रमुख_कार्यालय, सदर, हेडक्वॉर्टर, हेडक्वार्टर]
0.041666666666666664


==============CREATING SUBGRAPHS===================

Number of subgraphs created = 1

===============APPLYING GLOBAL CENTRALITY MEASURES==============

Subgraph #1
Number of nodes in subgraph = 23
Entropy: 0.9881981422800711
Edge Density: 0.09486166007905138
Compactness: 0.7950053898670499
-----------------------------------------------------------------

Highest entropy = 0.9881981422800711
1
 वह मूल या मुख्य कार्यालय जहाँ से चारों ओर दूर-दूर तक फैले हुए अन्य कार्यालयों का संचालन होता है:"भारत की राजधानी दिल्ली होने के कारण सभी राजनीतिक दलों का प्रधान कार्यालय दिल्ली में ही है ।"
 उँगली में पहनने का एक प्रकार का आभूषण:"श्याम दाहिने हाथ की पाँचों उँगलियों में अँगूठी पहनता है ।"


Highest edge density = 0.09486166007905138
1
 वह मूल या मुख्य कार्यालय जहाँ से चारों ओर दूर-दूर तक फैले हुए अन्य कार्यालयों का संचालन होता है:"भारत की राजधानी दिल्ली होने के कारण सभी राजनीतिक दलों का प्रधान कार्यालय दिल्ली में ही है ।"
 उँगली में पहनने का एक प्रकार का आभूषण:"श्याम दाहिने हाथ की पाँचों उँगलियों में अँगूठी पहनता है ।"


Highest compactnes = 0.7950053898670499
1
 वह मूल या मुख्य कार्यालय जहाँ से चारों ओर दूर-दूर तक फैले हुए अन्य कार्यालयों का संचालन होता है:"भारत की राजधानी दिल्ली होने के कारण सभी राजनीतिक दलों का प्रधान कार्यालय दिल्ली में ही है ।"
 उँगली में पहनने का एक प्रकार का आभूषण:"श्याम दाहिने हाथ की पाँचों उँगलियों में अँगूठी पहनता है ।"

