दल 
Stemmer.mmAtStemmer : true
Stemmer.useStemDictionary: false
Wordlist reading begins : 2017-11-28 14:52:21.431
Wordlist reading ends : 2017-11-28 14:52:21.864
SRR reading begins : 2017-11-28 14:52:21.867
SRR reading ends : 2017-11-28 14:52:21.875
SRR reading begins : 2017-11-28 14:52:21.878
SRR reading ends : 2017-11-28 14:52:21.88
दाल
ढाल 
नामक
नमक
काम
काठ
काट
कम
कान


Number of vertices in the graph: 740
===============APPLYING LOCAL CENTRALITY MEASURES==============

3
DegreeCentrality: 
3
30479 - NOUN - [दल]
0.0013531799729364006

Pagerank: 
6151 - NOUN - [दाल, पहित, पहिती]
2.4195166597993976

HITS: 
30479 - NOUN - [दल]
Infinity

KPP: 
30479 - NOUN - [दल]
0.0013531799729364006

DegreeCentrality: 
1
1235 - NOUN - [नमक, नून, लवण, लोन, रामरस, नोन, पटु]
0.0013531799729364006

Pagerank: 
1235 - NOUN - [नमक, नून, लवण, लोन, रामरस, नोन, पटु]
0.2127027027027027

HITS: 
1235 - NOUN - [नमक, नून, लवण, लोन, रामरस, नोन, पटु]
Infinity

KPP: 
1235 - NOUN - [नमक, नून, लवण, लोन, रामरस, नोन, पटु]
0.0013531799729364006

DegreeCentrality: 
4
4273 - NOUN - [काठ, लकड़ी, काष्ठ, दारु, इध्म, काठी]
0.10013531799729364

Pagerank: 
4273 - NOUN - [काठ, लकड़ी, काष्ठ, दारु, इध्म, काठी]
23.97020270270269

HITS: 
4273 - NOUN - [काठ, लकड़ी, काष्ठ, दारु, इध्म, काठी]
Infinity

KPP: 
4273 - NOUN - [काठ, लकड़ी, काष्ठ, दारु, इध्म, काठी]
0.10013531799729364


==============CREATING SUBGRAPHS===================

Number of subgraphs created = 12

===============APPLYING GLOBAL CENTRALITY MEASURES==============

Subgraph #1
Number of nodes in subgraph = 646
Entropy: 0.987929673666633
Edge Density: 0.003542371661026712
Compactness: 0.9244908068642428
-----------------------------------------------------------------
Subgraph #2
Number of nodes in subgraph = 347
Entropy: 0.9958954331715247
Edge Density: 0.0062967466808815445
Compactness: 0.8218747385141955
-----------------------------------------------------------------
Subgraph #3
Number of nodes in subgraph = 459
Entropy: 0.9943854257659673
Edge Density: 0.00489958234628155
Compactness: 0.8759994165452625
-----------------------------------------------------------------
Subgraph #4
Number of nodes in subgraph = 118
Entropy: 0.998704591790566
Edge Density: 0.017238881645661307
Compactness: 0.6814861864840135
-----------------------------------------------------------------
Subgraph #5
Number of nodes in subgraph = 646
Entropy: 0.987929673666633
Edge Density: 0.003542371661026712
Compactness: 0.9241677359604379
-----------------------------------------------------------------
Subgraph #6
Number of nodes in subgraph = 347
Entropy: 0.9958954331715247
Edge Density: 0.0062967466808815445
Compactness: 0.8210370210458701
-----------------------------------------------------------------
Subgraph #7
Number of nodes in subgraph = 459
Entropy: 0.9943854257659673
Edge Density: 0.00489958234628155
Compactness: 0.8754355709387527
-----------------------------------------------------------------
Subgraph #8
Number of nodes in subgraph = 84
Entropy: 0.9973571765919742
Edge Density: 0.02438324727481354
Compactness: 0.6983631600411975
-----------------------------------------------------------------
Subgraph #9
Number of nodes in subgraph = 646
Entropy: 0.9879308949248097
Edge Density: 0.0035375716994264046
Compactness: 0.9236685994884134
-----------------------------------------------------------------
Subgraph #10
Number of nodes in subgraph = 347
Entropy: 0.9959444723094796
Edge Density: 0.006280088620879212
Compactness: 0.8193481537429168
-----------------------------------------------------------------
Subgraph #11
Number of nodes in subgraph = 459
Entropy: 0.9944069594117115
Edge Density: 0.004890068594152848
Compactness: 0.8744579602041825
-----------------------------------------------------------------
Subgraph #12
Number of nodes in subgraph = 84
Entropy: 0.9978911976556156
Edge Density: 0.024096385542168676
Compactness: 0.6964415320490223
-----------------------------------------------------------------

Highest entropy = 0.998704591790566
4
 वह जो किया जाए या किया जाने वाला काम या बात:"वह हमेशा अच्छा काम ही करता है ।"
 भोज्य पदार्थों में एक विशेष स्वाद उत्पन्न करने के लिए थोड़ी मात्रा में डाला जाने वाला एक क्षार पदार्थ:"नमक भोजन को स्वादिष्ट बना देता है ।"
 किसी वस्तु के उन समान खंडों में से प्रत्येक जो परस्पर जुड़े हों पर दबाव पड़ने पर अलग हो जाते हों:"अरहर, चने आदि में दो दल होते हैं ।"


Highest edge density = 0.02438324727481354
8
 वह जो किया जाए या किया जाने वाला काम या बात:"वह हमेशा अच्छा काम ही करता है ।"
 भोज्य पदार्थों में एक विशेष स्वाद उत्पन्न करने के लिए थोड़ी मात्रा में डाला जाने वाला एक क्षार पदार्थ:"नमक भोजन को स्वादिष्ट बना देता है ।"
 वह जगह जो बराबर नीची होती चली गयी हो:"ढाल पर पहुँचते ही मैंने साइकिल का पैडल मारना बंद कर दिया ।"


Highest compactnes = 0.9244908068642428
1
 पेड़ का कोई स्थूल अंग जो सूख गया हो:"काठ का अधिकतर उपयोग साज-सज्जा की वस्तुएँ बनाने में किया जाता है ।"
 भोज्य पदार्थों में एक विशेष स्वाद उत्पन्न करने के लिए थोड़ी मात्रा में डाला जाने वाला एक क्षार पदार्थ:"नमक भोजन को स्वादिष्ट बना देता है ।"
 किसी वस्तु के उन समान खंडों में से प्रत्येक जो परस्पर जुड़े हों पर दबाव पड़ने पर अलग हो जाते हों:"अरहर, चने आदि में दो दल होते हैं ।"

